0 info it worked if it ends with ok
1 verbose cli [ 'C:\\Program Files\\nodejs\\node.exe',
1 verbose cli   'C:\\Users\\tzm3r5\\AppData\\Roaming\\npm\\node_modules\\npm\\bin\\npm-cli.js',
1 verbose cli   'run',
1 verbose cli   'build' ]
2 info using npm@3.10.8
3 info using node@v4.6.0
4 verbose run-script [ 'prebuild', 'build', 'postbuild' ]
5 info lifecycle webpack-intro@1.0.0~prebuild: webpack-intro@1.0.0
6 silly lifecycle webpack-intro@1.0.0~prebuild: no script for prebuild, continuing
7 info lifecycle webpack-intro@1.0.0~build: webpack-intro@1.0.0
8 verbose lifecycle webpack-intro@1.0.0~build: unsafe-perm in lifecycle true
9 verbose lifecycle webpack-intro@1.0.0~build: PATH: C:\Users\tzm3r5\AppData\Roaming\npm\node_modules\npm\bin\node-gyp-bin;C:\Development\webpack-intro\node_modules\.bin;C:\Program Files (x86)\Intel\iCLS Client\;C:\Program Files\Intel\iCLS Client\;C:\Program Files\Common Files\Microsoft Shared\Microsoft Online Services;C:\Program Files (x86)\Common Files\Microsoft Shared\Microsoft Online Services;C:\Python27\;C:\Python27\Scripts;C:\windows\system32;C:\windows;C:\windows\System32\Wbem;C:\windows\System32\WindowsPowerShell\v1.0\;C:\windows\System32\WindowsPowerShell\v1.0\;C:\Program Files (x86)\Windows Kits\8.1\Windows Performance Toolkit\;C:\Program Files\Encentuate\AccessAgent\Integration\Carefx\Fusionfx;C:\Program Files\Encentuate\;c:\program Files (x86)\Lotus\Notes\;C:\Program Files\TortoiseSVN\bin;C:\Program Files\1E\NomadBranch\;C:\HashiCorp\Vagrant\bin;C:\Program Files\Git\cmd;C:\Program Files (x86)\WebEx\Productivity Tools;C:\Program Files\Intel\Intel(R) Management Engine Components\DAL;C:\Program Files\Intel\Intel(R) Management Engine Components\IPT;C:\Program Files (x86)\Intel\Intel(R) Management Engine Components\DAL;C:\Program Files (x86)\Intel\Intel(R) Management Engine Components\IPT;C:\Program Files\nodejs\;C:\Ruby22-x64\bin;C:\cygwin64\bin;C:\Program Files (x86)\Microsoft VS Code\bin;C:\Users\tzm3r5\AppData\Roaming\npm
10 verbose lifecycle webpack-intro@1.0.0~build: CWD: C:\Development\webpack-intro
11 silly lifecycle webpack-intro@1.0.0~build: Args: [ '/d /s /c', 'webpack --colors --progress --watch' ]
12 silly lifecycle webpack-intro@1.0.0~build: Returned: code: 3221225786  signal: null
13 info lifecycle webpack-intro@1.0.0~build: Failed to exec build script
14 verbose stack Error: webpack-intro@1.0.0 build: `webpack --colors --progress --watch`
14 verbose stack Exit status 3221225786
14 verbose stack     at EventEmitter.<anonymous> (C:\Users\tzm3r5\AppData\Roaming\npm\node_modules\npm\lib\utils\lifecycle.js:255:16)
14 verbose stack     at emitTwo (events.js:87:13)
14 verbose stack     at EventEmitter.emit (events.js:172:7)
14 verbose stack     at ChildProcess.<anonymous> (C:\Users\tzm3r5\AppData\Roaming\npm\node_modules\npm\lib\utils\spawn.js:40:14)
14 verbose stack     at emitTwo (events.js:87:13)
14 verbose stack     at ChildProcess.emit (events.js:172:7)
14 verbose stack     at maybeClose (internal/child_process.js:829:16)
14 verbose stack     at Process.ChildProcess._handle.onexit (internal/child_process.js:211:5)
15 verbose pkgid webpack-intro@1.0.0
16 verbose cwd C:\Development\webpack-intro
17 error Windows_NT 6.1.7601
18 error argv "C:\\Program Files\\nodejs\\node.exe" "C:\\Users\\tzm3r5\\AppData\\Roaming\\npm\\node_modules\\npm\\bin\\npm-cli.js" "run" "build"
19 error node v4.6.0
20 error npm  v3.10.8
21 error code ELIFECYCLE
22 error webpack-intro@1.0.0 build: `webpack --colors --progress --watch`
22 error Exit status 3221225786
23 error Failed at the webpack-intro@1.0.0 build script 'webpack --colors --progress --watch'.
23 error Make sure you have the latest version of node.js and npm installed.
23 error If you do, this is most likely a problem with the webpack-intro package,
23 error not with npm itself.
23 error Tell the author that this fails on your system:
23 error     webpack --colors --progress --watch
23 error You can get information on how to open an issue for this project with:
23 error     npm bugs webpack-intro
23 error Or if that isn't available, you can get their info via:
23 error     npm owner ls webpack-intro
23 error There is likely additional logging output above.
24 verbose exit [ 1, true ]
